<?xml version="1.0" encoding="UTF-8"?>
<!-- Generated by org.testng.reporters.JUnitReportReporter -->
<testsuite hostname="ELW5203" failures="0" tests="1" name="tests.Asserts_1" time="5.638" errors="0" timestamp="28 Sep 2022 07:38:07 GMT" skipped="0">
  <testcase classname="tests.Asserts_1" name="URL_Validation" time="5.638"/>
</testsuite> <!-- tests.Asserts_1 -->
