<?xml version="1.0" encoding="UTF-8"?>
<!-- Generated by org.testng.reporters.JUnitReportReporter -->
<testsuite hostname="ELW5203" failures="0" tests="2" name="tests.NewTest_1" time="16.302" errors="0" timestamp="27 Sep 2022 03:31:03 GMT" skipped="0">
  <testcase classname="tests.NewTest_1" name="login" time="13.500"/>
  <testcase classname="tests.NewTest_1" name="logout" time="2.802"/>
</testsuite> <!-- tests.NewTest_1 -->
