<?xml version="1.0" encoding="UTF-8"?>
<!-- Generated by org.testng.reporters.JUnitReportReporter -->
<testsuite hostname="ELW5203" failures="0" tests="2" name="tests.NewTest_1" time="27.116" errors="0" timestamp="28 Sep 2022 07:38:07 GMT" skipped="0">
  <testcase classname="tests.NewTest_1" name="URL_Validation" time="5.568"/>
  <testcase classname="tests.NewTest_1" name="logout" time="21.548"/>
</testsuite> <!-- tests.NewTest_1 -->
