<?xml version="1.0" encoding="UTF-8"?>
<!-- Generated by org.testng.reporters.JUnitReportReporter -->
<testsuite hostname="ELW5203" failures="0" tests="2" name="seleniumexamples.Asserts" time="0.008" errors="0" timestamp="28 Sep 2022 07:09:56 GMT" skipped="0">
  <testcase classname="seleniumexamples.Asserts" name="hard_assert" time="0.006"/>
  <testcase classname="seleniumexamples.Asserts" name="soft_assert" time="0.002"/>
</testsuite> <!-- seleniumexamples.Asserts -->
